<?xml version="1.0" encoding="UTF-8"?>
<!-- Generated by org.testng.reporters.JUnitXMLReporter -->
<testsuite ignored="0" hostname="DESKTOP-QQLD7O3" failures="1" tests="9" name="Test" time="105.329" errors="0" timestamp="2022-06-13T19:40:13 CEST">
  <testcase classname="com.qa.wk.testcases.TodosPageTestCases" name="verifyTitleOfPage" time="0.072"/>
  <testcase classname="com.qa.wk.testcases.TodosPageTestCases" name="verifyHeadTitleOfPage" time="0.052"/>
  <testcase classname="com.qa.wk.testcases.TodosPageTestCases" name="verifyLinksOfpage" time="5.485"/>
  <testcase classname="com.qa.wk.testcases.TodosPageTestCases" name="verifyTodosData" time="0.327"/>
  <testcase classname="com.qa.wk.testcases.TodosPageTestCases" name="verifyTodosData" time="0.309"/>
  <testcase classname="com.qa.wk.testcases.TodosPageTestCases" name="verifyClearTodoDataCheckbox" time="20.317"/>
  <testcase classname="com.qa.wk.testcases.TodosPageTestCases" name="verifyClearTodoDataCheckbox" time="20.489"/>
  <testcase classname="com.qa.wk.testcases.TodosPageTestCases" name="verifyClearTodosCross" time="20.33">
    <failure type="org.openqa.selenium.ElementNotInteractableException" message="element not interactable
  (Session info: chrome=102.0.5005.63)
Build info: version: &amp;apos;4.2.1&amp;apos;, revision: &amp;apos;ac4d0fdd4a&amp;apos;
System info: host: &amp;apos;DESKTOP-QQLD7O3&amp;apos;, ip: &amp;apos;192.168.178.24&amp;apos;, os.name: &amp;apos;Windows 10&amp;apos;, os.arch: &amp;apos;amd64&amp;apos;, os.version: &amp;apos;10.0&amp;apos;, java.version: &amp;apos;16.0.2&amp;apos;
Driver info: org.openqa.selenium.chrome.ChromeDriver
Command: [39edaa8f1ce94c5554fe10b5aa9faacb, clickElement {id=2bcae146-c38e-4349-9db5-89945ffcc563}]
Capabilities {acceptInsecureCerts: false, browserName: chrome, browserVersion: 102.0.5005.63, chrome: {chromedriverVersion: 102.0.5005.61 (0e59bcc00cc4..., userDataDir: C:\Users\Dipalee\AppData\Lo...}, goog:chromeOptions: {debuggerAddress: localhost:58970}, networkConnectionEnabled: false, pageLoadStrategy: normal, platformName: WINDOWS, proxy: Proxy(), se:cdp: ws://localhost:58970/devtoo..., se:cdpVersion: 102.0.5005.63, setWindowRect: true, strictFileInteractability: false, timeouts: {implicit: 0, pageLoad: 300000, script: 30000}, unhandledPromptBehavior: dismiss and notify, webauthn:extension:credBlob: true, webauthn:extension:largeBlob: true, webauthn:virtualAuthenticators: true}
Element: [[ChromeDriver: chrome on WINDOWS (39edaa8f1ce94c5554fe10b5aa9faacb)] -&amp;gt; xpath: //button[@class = &amp;apos;destroy&amp;apos;]]
Session ID: 39edaa8f1ce94c5554fe10b5aa9faacb">
      <![CDATA[org.openqa.selenium.ElementNotInteractableException: element not interactable
  (Session info: chrome=102.0.5005.63)
Build info: version: '4.2.1', revision: 'ac4d0fdd4a'
System info: host: 'DESKTOP-QQLD7O3', ip: '192.168.178.24', os.name: 'Windows 10', os.arch: 'amd64', os.version: '10.0', java.version: '16.0.2'
Driver info: org.openqa.selenium.chrome.ChromeDriver
Command: [39edaa8f1ce94c5554fe10b5aa9faacb, clickElement {id=2bcae146-c38e-4349-9db5-89945ffcc563}]
Capabilities {acceptInsecureCerts: false, browserName: chrome, browserVersion: 102.0.5005.63, chrome: {chromedriverVersion: 102.0.5005.61 (0e59bcc00cc4..., userDataDir: C:\Users\Dipalee\AppData\Lo...}, goog:chromeOptions: {debuggerAddress: localhost:58970}, networkConnectionEnabled: false, pageLoadStrategy: normal, platformName: WINDOWS, proxy: Proxy(), se:cdp: ws://localhost:58970/devtoo..., se:cdpVersion: 102.0.5005.63, setWindowRect: true, strictFileInteractability: false, timeouts: {implicit: 0, pageLoad: 300000, script: 30000}, unhandledPromptBehavior: dismiss and notify, webauthn:extension:credBlob: true, webauthn:extension:largeBlob: true, webauthn:virtualAuthenticators: true}
Element: [[ChromeDriver: chrome on WINDOWS (39edaa8f1ce94c5554fe10b5aa9faacb)] -> xpath: //button[@class = 'destroy']]
Session ID: 39edaa8f1ce94c5554fe10b5aa9faacb
at org.openqa.selenium.remote.codec.w3c.W3CHttpResponseCodec.createException(W3CHttpResponseCodec.java:200)
at org.openqa.selenium.remote.codec.w3c.W3CHttpResponseCodec.decode(W3CHttpResponseCodec.java:133)
at org.openqa.selenium.remote.codec.w3c.W3CHttpResponseCodec.decode(W3CHttpResponseCodec.java:53)
at org.openqa.selenium.remote.HttpCommandExecutor.execute(HttpCommandExecutor.java:184)
at org.openqa.selenium.remote.service.DriverCommandExecutor.invokeExecute(DriverCommandExecutor.java:167)
at org.openqa.selenium.remote.service.DriverCommandExecutor.execute(DriverCommandExecutor.java:142)
at org.openqa.selenium.remote.RemoteWebDriver.execute(RemoteWebDriver.java:551)
at org.openqa.selenium.remote.RemoteWebElement.execute(RemoteWebElement.java:257)
at org.openqa.selenium.remote.RemoteWebElement.click(RemoteWebElement.java:78)
at org.openqa.selenium.support.pagefactory.internal.LocatingElementHandler.invoke(LocatingElementHandler.java:52)
at jdk.proxy2/jdk.proxy2.$Proxy16.click(Unknown Source)
at com.qa.wk.actions.TodosPageAction.clearTodosUsingCross(TodosPageAction.java:78)
at com.qa.wk.testcases.TodosPageTestCases.verifyClearTodosCross(TodosPageTestCases.java:57)
at java.base/java.util.ArrayList.forEach(ArrayList.java:1511)
... Removed 36 stack frames]]>
    </failure>
  </testcase> <!-- verifyClearTodosCross -->
  <testcase classname="com.qa.wk.testcases.TodosPageTestCases" name="verifyClearTodosCross" time="20.358"/>
</testsuite> <!-- Test -->
